TN:
SF:C:\Users\Craig\githubProjects\vue-palette\src\ColorPicker.vue
FN:2,injectStyle
FN:19,(anonymous_1)
FN:23,(anonymous_2)
FN:33,(anonymous_3)
FNF:4
FNH:1
FNDA:0,injectStyle
FNDA:1,(anonymous_1)
FNDA:0,(anonymous_2)
FNDA:0,(anonymous_3)
DA:1,1
DA:3,0
DA:4,0
DA:6,1
DA:18,1
DA:19,1
DA:20,1
DA:23,1
DA:24,0
DA:25,0
DA:26,0
DA:27,0
DA:28,0
DA:29,0
DA:31,0
DA:33,0
DA:34,0
DA:38,1
LF:18
LH:7
BRDA:3,0,0,0
BRDA:3,0,1,0
BRDA:19,1,0,0
BRDA:19,1,1,1
BRDA:19,2,0,1
BRDA:19,2,1,1
BRDA:19,3,0,1
BRDA:19,3,1,0
BRDA:20,4,0,0
BRDA:20,4,1,1
BRDA:23,5,0,0
BRDA:23,5,1,1
BRDA:26,6,0,0
BRDA:26,6,1,0
BRDA:28,7,0,0
BRDA:28,7,1,0
BRF:16
BRH:6
end_of_record
TN:
SF:C:\Users\Craig\githubProjects\vue-palette\src\ColorPickerWindow.vue
FN:2,injectStyle
FN:19,(anonymous_1)
FN:23,(anonymous_2)
FN:33,(anonymous_3)
FNF:4
FNH:1
FNDA:0,injectStyle
FNDA:1,(anonymous_1)
FNDA:0,(anonymous_2)
FNDA:0,(anonymous_3)
DA:1,1
DA:3,0
DA:4,0
DA:6,1
DA:18,1
DA:19,1
DA:20,1
DA:23,1
DA:24,0
DA:25,0
DA:26,0
DA:27,0
DA:28,0
DA:29,0
DA:31,0
DA:33,0
DA:34,0
DA:38,1
LF:18
LH:7
BRDA:3,0,0,0
BRDA:3,0,1,0
BRDA:19,1,0,0
BRDA:19,1,1,1
BRDA:19,2,0,1
BRDA:19,2,1,1
BRDA:19,3,0,1
BRDA:19,3,1,0
BRDA:20,4,0,0
BRDA:20,4,1,1
BRDA:23,5,0,0
BRDA:23,5,1,1
BRDA:26,6,0,0
BRDA:26,6,1,0
BRDA:28,7,0,0
BRDA:28,7,1,0
BRF:16
BRH:6
end_of_record
TN:
SF:C:\Users\Craig\githubProjects\vue-palette\src\ColorSelector.vue
FN:2,injectStyle
FN:19,(anonymous_1)
FN:23,(anonymous_2)
FN:33,(anonymous_3)
FNF:4
FNH:1
FNDA:0,injectStyle
FNDA:1,(anonymous_1)
FNDA:0,(anonymous_2)
FNDA:0,(anonymous_3)
DA:1,1
DA:3,0
DA:4,0
DA:6,1
DA:18,1
DA:19,1
DA:20,1
DA:23,1
DA:24,0
DA:25,0
DA:26,0
DA:27,0
DA:28,0
DA:29,0
DA:31,0
DA:33,0
DA:34,0
DA:38,1
LF:18
LH:7
BRDA:3,0,0,0
BRDA:3,0,1,0
BRDA:19,1,0,0
BRDA:19,1,1,1
BRDA:19,2,0,1
BRDA:19,2,1,1
BRDA:19,3,0,1
BRDA:19,3,1,0
BRDA:20,4,0,0
BRDA:20,4,1,1
BRDA:23,5,0,0
BRDA:23,5,1,1
BRDA:26,6,0,0
BRDA:26,6,1,0
BRDA:28,7,0,0
BRDA:28,7,1,0
BRF:16
BRH:6
end_of_record
TN:
SF:C:\Users\Craig\githubProjects\vue-palette\src\ColorSlider.vue
FN:2,injectStyle
FN:19,(anonymous_1)
FN:23,(anonymous_2)
FN:33,(anonymous_3)
FNF:4
FNH:1
FNDA:0,injectStyle
FNDA:1,(anonymous_1)
FNDA:0,(anonymous_2)
FNDA:0,(anonymous_3)
DA:1,1
DA:3,0
DA:4,0
DA:6,1
DA:18,1
DA:19,1
DA:20,1
DA:23,1
DA:24,0
DA:25,0
DA:26,0
DA:27,0
DA:28,0
DA:29,0
DA:31,0
DA:33,0
DA:34,0
DA:38,1
LF:18
LH:7
BRDA:3,0,0,0
BRDA:3,0,1,0
BRDA:19,1,0,0
BRDA:19,1,1,1
BRDA:19,2,0,1
BRDA:19,2,1,1
BRDA:19,3,0,1
BRDA:19,3,1,0
BRDA:20,4,0,0
BRDA:20,4,1,1
BRDA:23,5,0,0
BRDA:23,5,1,1
BRDA:26,6,0,0
BRDA:26,6,1,0
BRDA:28,7,0,0
BRDA:28,7,1,0
BRF:16
BRH:6
end_of_record
TN:
SF:C:/Users/Craig/githubProjects/vue-palette/src/Store.js
FN:4,updateSlider
FN:4,updateDragging
FN:3,data
FNF:3
FNH:1
FNDA:0,updateSlider
FNDA:0,updateDragging
FNDA:1,data
DA:1,1
DA:3,1
DA:6,0
DA:9,0
DA:13,1
LF:5
LH:3
BRF:0
BRH:0
end_of_record
TN:
SF:C:/Users/Craig/githubProjects/vue-palette/src/index.js
FNF:0
FNH:0
DA:1,1
DA:2,1
DA:3,1
DA:4,1
LF:4
LH:4
BRF:0
BRH:0
end_of_record
TN:
SF:C:/Users/Craig/githubProjects/vue-palette/src/classes/Color.js
FN:8,Color
FN:212,diffc
FNF:2
FNH:1
FNDA:19,Color
FNDA:0,diffc
DA:1,1
DA:2,1
DA:3,1
DA:4,1
DA:5,1
DA:8,19
DA:9,19
DA:10,15
DA:11,15
DA:13,4
DA:18,1
DA:22,11
DA:26,1
DA:30,1
DA:34,1
DA:38,1
DA:43,10
DA:44,10
DA:45,10
DA:47,10
DA:48,10
DA:49,10
DA:51,10
DA:52,10
DA:53,10
DA:55,10
DA:56,10
DA:57,10
DA:59,10
DA:62,24
DA:65,8
DA:66,8
DA:67,8
DA:68,8
DA:69,8
DA:70,8
DA:73,8
DA:74,8
DA:75,8
DA:77,8
DA:78,8
DA:79,8
DA:82,8
DA:83,8
DA:84,8
DA:86,8
DA:87,8
DA:88,8
DA:89,8
DA:91,8
DA:96,3
DA:97,1
DA:98,2
DA:99,1
DA:102,1
DA:109,1
DA:110,1
DA:119,3
DA:124,0
DA:127,0
DA:128,0
DA:129,0
DA:131,0
DA:139,36
DA:144,17
DA:145,16
DA:146,16
DA:147,16
DA:148,16
DA:149,16
DA:150,16
DA:151,16
DA:153,1
DA:157,1
DA:161,0
DA:163,0
DA:165,0
DA:169,0
DA:173,0
DA:174,0
DA:175,0
DA:176,0
DA:177,0
DA:178,0
DA:183,0
DA:184,0
DA:188,0
DA:189,0
DA:196,0
DA:197,0
DA:200,4
DA:203,1
DA:204,1
DA:205,1
DA:207,1
DA:208,1
DA:210,1
DA:211,1
DA:212,1
DA:213,0
DA:216,1
DA:217,1
DA:219,0
DA:220,0
DA:221,0
DA:222,0
DA:224,0
DA:225,0
DA:226,0
DA:227,0
DA:228,0
DA:229,0
DA:231,0
DA:232,0
DA:233,0
DA:234,0
DA:237,1
DA:244,4
DA:247,1
DA:248,1
DA:249,1
DA:251,1
DA:252,1
DA:253,1
DA:254,1
DA:255,1
DA:257,1
DA:258,1
DA:260,0
DA:261,0
DA:262,0
DA:264,0
DA:265,0
DA:267,0
DA:268,0
DA:270,0
DA:271,0
DA:273,0
DA:276,1
DA:280,0
DA:282,0
DA:283,0
DA:284,0
DA:286,0
DA:288,0
DA:289,0
DA:290,0
DA:291,0
DA:292,0
DA:293,0
DA:295,0
DA:296,0
DA:297,0
DA:298,0
DA:300,0
DA:301,0
DA:302,0
DA:303,0
DA:305,0
DA:306,0
DA:307,0
DA:308,0
DA:310,0
DA:311,0
DA:312,0
DA:313,0
DA:315,0
DA:316,0
DA:317,0
DA:318,0
DA:320,0
DA:321,0
DA:322,0
DA:323,0
DA:325,0
LF:175
LH:93
BRDA:9,0,0,15
BRDA:9,0,1,4
BRDA:47,1,0,8
BRDA:47,1,1,2
BRDA:48,2,0,2
BRDA:48,2,1,8
BRDA:49,3,0,2
BRDA:49,3,1,8
BRDA:77,4,0,7
BRDA:77,4,1,1
BRDA:78,5,0,7
BRDA:78,5,1,1
BRDA:79,6,0,7
BRDA:79,6,1,1
BRDA:96,7,0,1
BRDA:96,7,1,2
BRDA:98,8,0,1
BRDA:98,8,1,1
BRDA:144,9,0,16
BRDA:146,10,0,6
BRDA:146,10,1,10
BRDA:161,11,0,0
BRDA:161,11,1,0
BRDA:163,12,0,0
BRDA:163,12,1,0
BRDA:163,12,2,0
BRDA:169,13,0,0
BRDA:169,13,1,0
BRDA:173,14,0,0
BRDA:173,14,1,0
BRDA:175,15,0,0
BRDA:175,15,1,0
BRDA:177,16,0,0
BRDA:177,16,1,0
BRDA:188,17,0,0
BRDA:188,17,1,0
BRDA:197,18,0,0
BRDA:197,18,1,0
BRDA:216,19,0,1
BRDA:216,19,1,0
BRDA:224,20,0,0
BRDA:224,20,1,0
BRDA:226,21,0,0
BRDA:226,21,1,0
BRDA:228,22,0,0
BRDA:228,22,1,0
BRDA:231,23,0,0
BRDA:231,23,1,0
BRDA:233,24,0,0
BRDA:233,24,1,0
BRDA:257,25,0,1
BRDA:257,25,1,0
BRDA:261,26,0,0
BRDA:261,26,1,0
BRDA:263,27,0,0
BRDA:263,27,1,0
BRDA:263,27,2,0
BRDA:264,28,0,0
BRDA:264,28,1,0
BRDA:294,29,0,0
BRDA:294,29,1,0
BRDA:294,29,2,0
BRDA:294,29,3,0
BRDA:294,29,4,0
BRDA:294,29,5,0
BRF:65
BRH:23
end_of_record
TN:
SF:C:/Users/Craig/githubProjects/vue-palette/src/classes/ColorFactory.js
FNF:0
FNH:0
DA:1,1
DA:8,0
DA:9,0
DA:11,0
DA:13,0
DA:15,0
LF:6
LH:1
BRDA:10,0,0,0
BRDA:10,0,1,0
BRDA:10,0,2,0
BRF:3
BRH:0
end_of_record
TN:
SF:C:/Users/Craig/githubProjects/vue-palette/src/classes/Hsl.js
FN:2,Hsl
FN:20,(anonymous_9)
FNF:2
FNH:2
FNDA:6,Hsl
FNDA:3,(anonymous_9)
DA:2,6
DA:3,6
DA:4,5
DA:6,1
DA:11,1
DA:14,6
DA:15,2
DA:16,2
DA:20,1
DA:21,3
DA:24,1
LF:11
LH:11
BRDA:3,0,0,5
BRDA:3,0,1,1
BRDA:21,1,0,2
BRDA:21,1,1,1
BRF:4
BRH:4
end_of_record
TN:
SF:C:/Users/Craig/githubProjects/vue-palette/src/classes/Hsv.js
FN:2,Hsv
FNF:1
FNH:1
FNDA:5,Hsv
DA:2,5
DA:3,5
DA:4,4
DA:6,1
DA:11,1
DA:14,3
DA:15,1
DA:16,1
LF:8
LH:8
BRDA:3,0,0,4
BRDA:3,0,1,1
BRF:2
BRH:2
end_of_record
TN:
SF:C:/Users/Craig/githubProjects/vue-palette/src/classes/Rgb.js
FN:2,Rgb
FNF:1
FNH:1
FNDA:20,Rgb
DA:2,20
DA:3,20
DA:4,19
DA:6,1
DA:11,1
DA:14,39
DA:15,13
DA:16,13
DA:20,1
DA:21,1
LF:10
LH:10
BRDA:3,0,0,19
BRDA:3,0,1,1
BRF:2
BRH:2
end_of_record
TN:
SF:C:/Users/Craig/githubProjects/vue-palette/src/mixins/ColorCanvas.js
FN:4,created
FN:13,(anonymous_2)
FN:19,hex
FN:19,rgb
FN:19,rgbValues
FN:30,getColorAt
FN:30,findColor
FN:30,setColor
FN:66,dragging
FN:4,data
FNF:10
FNH:0
FNDA:0,created
FNDA:0,(anonymous_2)
FNDA:0,hex
FNDA:0,rgb
FNDA:0,rgbValues
FNDA:0,getColorAt
FNDA:0,findColor
FNDA:0,setColor
FNDA:0,dragging
FNDA:0,data
DA:1,1
DA:2,1
DA:12,0
DA:13,0
DA:14,0
DA:17,0
DA:21,0
DA:24,0
DA:27,0
DA:32,0
DA:33,0
DA:37,0
DA:41,0
DA:42,0
DA:44,0
DA:45,0
DA:46,0
DA:47,0
DA:48,0
DA:50,0
DA:51,0
DA:52,0
DA:53,0
DA:54,0
DA:60,0
DA:63,0
DA:68,0
DA:72,0
LF:28
LH:2
BRDA:27,0,0,0
BRDA:27,0,1,0
BRDA:50,1,0,0
BRDA:50,1,1,0
BRDA:50,2,0,0
BRDA:50,2,1,0
BRDA:53,3,0,0
BRDA:53,3,1,0
BRF:8
BRH:0
end_of_record
